<?xml version="1.0" encoding="UTF-8"?>
<!-- Generated by org.testng.reporters.JUnitReportReporter -->
<testsuite hostname="DESKTOP-5KEI47M" failures="0" tests="4" name="tests.Task1_Scenario1" time="33.883" errors="0" timestamp="2023-08-25T15:49:47 EET" skipped="0">
  <testcase classname="tests.Task1_Scenario1" name="checkResult" time="23.576"/>
  <system-out/>
  <testcase classname="tests.Task1_Scenario1" name="checkforChosenResult" time="5.298"/>
  <system-out/>
  <testcase classname="tests.Task1_Scenario1" name="checkCartSize" time="4.967"/>
  <system-out/>
  <testcase classname="tests.Task1_Scenario1" name="checkThatTheCorrectItemIsAdded" time="0.042"/>
  <system-out/>
</testsuite> <!-- tests.Task1_Scenario1 -->
