<?xml version="1.0" encoding="UTF-8"?>
<!-- Generated by org.testng.reporters.JUnitReportReporter -->
<testsuite hostname="DESKTOP-5KEI47M" failures="0" tests="4" name="tests.Task1" time="72.452" errors="0" timestamp="2023-08-25T11:35:18 EET" skipped="0">
  <testcase classname="tests.Task1" name="checkResult" time="23.314"/>
  <system-out/>
  <testcase classname="tests.Task1" name="checkforChosenResult" time="4.911"/>
  <system-out/>
  <testcase classname="tests.Task1" name="checkCartSize" time="44.211"/>
  <system-out/>
  <testcase classname="tests.Task1" name="checkThatTheCorrectItemIsAdded" time="0.016"/>
  <system-out/>
</testsuite> <!-- tests.Task1 -->
